<?xml version="1.0" encoding="UTF-8"?>
<!-- Generated by org.testng.reporters.JUnitReportReporter -->
<testsuite hostname="shany" failures="0" tests="1" name="com_TestLeaf_utilities.BrowserManager" time="29.375" errors="0" timestamp="2021-05-06T21:35:05 IST" skipped="0">
  <testcase classname="com_TestLeaf_utilities.BrowserManager" name="browsermanagement" time="29.375"/>
  <system-out/>
</testsuite> <!-- com_TestLeaf_utilities.BrowserManager -->
