<?xml version="1.0" encoding="UTF-8"?>
<!-- Generated by org.testng.reporters.JUnitReportReporter -->
<testsuite hostname="shany" failures="0" tests="1" name="com_TestLeaf.testcases.Testleaf_Homepage" time="2.291" errors="0" timestamp="2021-05-08T14:15:06 IST" skipped="0">
  <testcase classname="com_TestLeaf.testcases.Testleaf_Homepage" name="mousehover" time="2.291"/>
  <system-out/>
</testsuite> <!-- com_TestLeaf.testcases.Testleaf_Homepage -->
